Flow report for CPU
Thu Jun 21 12:13:45 2018
Quartus II 64-Bit Version 13.0.1 Build 232 06/12/2013 Service Pack 1 SJ Web Edition


---------------------
; Table of Contents ;
---------------------
  1. Legal Notice
  2. Flow Summary
  3. Flow Settings
  4. Flow Non-Default Global Settings
  5. Flow Elapsed Time
  6. Flow OS Summary
  7. Flow Log
  8. Flow Messages
  9. Flow Suppressed Messages



----------------
; Legal Notice ;
----------------
Copyright (C) 1991-2013 Altera Corporation
Your use of Altera Corporation's design tools, logic functions 
and other software and tools, and its AMPP partner logic 
functions, and any output files from any of the foregoing 
(including device programming or simulation files), and any 
associated documentation or information are expressly subject 
to the terms and conditions of the Altera Program License 
Subscription Agreement, Altera MegaCore Function License 
Agreement, or other applicable license agreement, including, 
without limitation, that your use is for the sole purpose of 
programming logic devices manufactured by Altera and sold by 
Altera or its authorized distributors.  Please refer to the 
applicable agreement for further details.



+--------------------------------------------------------------------------------------+
; Flow Summary                                                                         ;
+------------------------------------+-------------------------------------------------+
; Flow Status                        ; Successful - Thu Jun 21 12:13:45 2018           ;
; Quartus II 64-Bit Version          ; 13.0.1 Build 232 06/12/2013 SP 1 SJ Web Edition ;
; Revision Name                      ; CPU                                             ;
; Top-level Entity Name              ; registerfile                                    ;
; Family                             ; Cyclone II                                      ;
; Device                             ; EP2C20F256C7                                    ;
; Timing Models                      ; Final                                           ;
; Total logic elements               ; 949 / 18,752 ( 5 % )                            ;
;     Total combinational functions  ; 704 / 18,752 ( 4 % )                            ;
;     Dedicated logic registers      ; 576 / 18,752 ( 3 % )                            ;
; Total registers                    ; 576                                             ;
; Total pins                         ; 111 / 152 ( 73 % )                              ;
; Total virtual pins                 ; 0                                               ;
; Total memory bits                  ; 0 / 239,616 ( 0 % )                             ;
; Embedded Multiplier 9-bit elements ; 0 / 52 ( 0 % )                                  ;
; Total PLLs                         ; 0 / 4 ( 0 % )                                   ;
+------------------------------------+-------------------------------------------------+


+-----------------------------------------+
; Flow Settings                           ;
+-------------------+---------------------+
; Option            ; Setting             ;
+-------------------+---------------------+
; Start date & time ; 06/21/2018 12:13:06 ;
; Main task         ; Compilation         ;
; Revision Name     ; CPU                 ;
+-------------------+---------------------+


+-------------------------------------------------------------------------------------------------------------------------------+
; Flow Non-Default Global Settings                                                                                              ;
+--------------------------------------+---------------------------------------+---------------+--------------+-----------------+
; Assignment Name                      ; Value                                 ; Default Value ; Entity Name  ; Section Id      ;
+--------------------------------------+---------------------------------------+---------------+--------------+-----------------+
; COMPILER_SIGNATURE_ID                ; 0.152959398604807                     ; --            ; --           ; --              ;
; EDA_DESIGN_INSTANCE_NAME             ; NA                                    ; --            ; --           ; registerfile_TB ;
; EDA_DESIGN_INSTANCE_NAME             ; NA                                    ; --            ; --           ; mux_TB          ;
; EDA_DESIGN_INSTANCE_NAME             ; NA                                    ; --            ; --           ; reg32bits_TB    ;
; EDA_DESIGN_INSTANCE_NAME             ; NA                                    ; --            ; --           ; extend_TB       ;
; EDA_DESIGN_INSTANCE_NAME             ; NA                                    ; --            ; --           ; alu_TB          ;
; EDA_DESIGN_INSTANCE_NAME             ; NA                                    ; --            ; --           ; pc_TB           ;
; EDA_DESIGN_INSTANCE_NAME             ; NA                                    ; --            ; --           ; datamemory_TB   ;
; EDA_NATIVELINK_SIMULATION_TEST_BENCH ; datamemory_TB                         ; --            ; --           ; eda_simulation  ;
; EDA_OUTPUT_DATA_FORMAT               ; Verilog Hdl                           ; --            ; --           ; eda_simulation  ;
; EDA_SIMULATION_TOOL                  ; ModelSim-Altera (Verilog)             ; <None>        ; --           ; --              ;
; EDA_TEST_BENCH_ENABLE_STATUS         ; TEST_BENCH_MODE                       ; --            ; --           ; eda_simulation  ;
; EDA_TEST_BENCH_FILE                  ; RegisterFile/registerfile_TB.v        ; --            ; --           ; registerfile_TB ;
; EDA_TEST_BENCH_FILE                  ; MUX/mux_TB.v                          ; --            ; --           ; mux_TB          ;
; EDA_TEST_BENCH_FILE                  ; 32bitsRegister/reg32bits_TB.v         ; --            ; --           ; reg32bits_TB    ;
; EDA_TEST_BENCH_FILE                  ; Extend/extend_TB.v                    ; --            ; --           ; extend_TB       ;
; EDA_TEST_BENCH_FILE                  ; ALU/alu_TB.v                          ; --            ; --           ; alu_TB          ;
; EDA_TEST_BENCH_FILE                  ; PC/pc_TB.v                            ; --            ; --           ; pc_TB           ;
; EDA_TEST_BENCH_FILE                  ; DataMemory/datamemory_TB.v            ; --            ; --           ; datamemory_TB   ;
; EDA_TEST_BENCH_MODULE_NAME           ; registerfile_TB                       ; --            ; --           ; registerfile_TB ;
; EDA_TEST_BENCH_MODULE_NAME           ; mux_TB                                ; --            ; --           ; mux_TB          ;
; EDA_TEST_BENCH_MODULE_NAME           ; reg32bits_TB                          ; --            ; --           ; reg32bits_TB    ;
; EDA_TEST_BENCH_MODULE_NAME           ; extend_TB                             ; --            ; --           ; extend_TB       ;
; EDA_TEST_BENCH_MODULE_NAME           ; alu_TB                                ; --            ; --           ; alu_TB          ;
; EDA_TEST_BENCH_MODULE_NAME           ; pc_TB                                 ; --            ; --           ; pc_TB           ;
; EDA_TEST_BENCH_MODULE_NAME           ; datamemory_TB                         ; --            ; --           ; datamemory_TB   ;
; EDA_TEST_BENCH_NAME                  ; registerfile_TB                       ; --            ; --           ; eda_simulation  ;
; EDA_TEST_BENCH_NAME                  ; mux_TB                                ; --            ; --           ; eda_simulation  ;
; EDA_TEST_BENCH_NAME                  ; reg32bits_TB                          ; --            ; --           ; eda_simulation  ;
; EDA_TEST_BENCH_NAME                  ; extend_TB                             ; --            ; --           ; eda_simulation  ;
; EDA_TEST_BENCH_NAME                  ; alu_TB                                ; --            ; --           ; eda_simulation  ;
; EDA_TEST_BENCH_NAME                  ; pc_TB                                 ; --            ; --           ; eda_simulation  ;
; EDA_TEST_BENCH_NAME                  ; datamemory_TB                         ; --            ; --           ; eda_simulation  ;
; EDA_TIME_SCALE                       ; 1 ps                                  ; --            ; --           ; eda_simulation  ;
; MAX_CORE_JUNCTION_TEMP               ; 85                                    ; --            ; --           ; --              ;
; MIN_CORE_JUNCTION_TEMP               ; 0                                     ; --            ; --           ; --              ;
; PARTITION_COLOR                      ; 16764057                              ; --            ; registerfile ; Top             ;
; PARTITION_FITTER_PRESERVATION_LEVEL  ; PLACEMENT_AND_ROUTING                 ; --            ; registerfile ; Top             ;
; PARTITION_NETLIST_TYPE               ; SOURCE                                ; --            ; registerfile ; Top             ;
; POWER_BOARD_THERMAL_MODEL            ; None (CONSERVATIVE)                   ; --            ; --           ; --              ;
; POWER_PRESET_COOLING_SOLUTION        ; 23 MM HEAT SINK WITH 200 LFPM AIRFLOW ; --            ; --           ; --              ;
; PROJECT_OUTPUT_DIRECTORY             ; output_files                          ; --            ; --           ; --              ;
; TOP_LEVEL_ENTITY                     ; registerfile                          ; CPU           ; --           ; --              ;
+--------------------------------------+---------------------------------------+---------------+--------------+-----------------+


+-------------------------------------------------------------------------------------------------------------------------------+
; Flow Elapsed Time                                                                                                             ;
+---------------------------+--------------+-------------------------+---------------------+------------------------------------+
; Module Name               ; Elapsed Time ; Average Processors Used ; Peak Virtual Memory ; Total CPU Time (on all processors) ;
+---------------------------+--------------+-------------------------+---------------------+------------------------------------+
; Analysis & Synthesis      ; 00:00:04     ; 1.0                     ; 555 MB              ; 00:00:04                           ;
; Fitter                    ; 00:00:15     ; 1.0                     ; 686 MB              ; 00:00:16                           ;
; Assembler                 ; 00:00:03     ; 1.0                     ; 543 MB              ; 00:00:02                           ;
; TimeQuest Timing Analyzer ; 00:00:01     ; 1.0                     ; 516 MB              ; 00:00:01                           ;
; EDA Netlist Writer        ; 00:00:02     ; 1.0                     ; 798 MB              ; 00:00:02                           ;
; Total                     ; 00:00:25     ; --                      ; --                  ; 00:00:25                           ;
+---------------------------+--------------+-------------------------+---------------------+------------------------------------+


+---------------------------------------------------------------------------------------------------------------+
; Flow OS Summary                                                                                               ;
+---------------------------+----------------------------------+---------------+---------------+----------------+
; Module Name               ; Machine Hostname                 ; OS Name       ; OS Version    ; Processor type ;
+---------------------------+----------------------------------+---------------+---------------+----------------+
; Analysis & Synthesis      ; pedro-HP-Pavilion-g4-Notebook-PC ; elementary OS ; elementary OS ; x86_64         ;
; Fitter                    ; pedro-HP-Pavilion-g4-Notebook-PC ; elementary OS ; elementary OS ; x86_64         ;
; Assembler                 ; pedro-HP-Pavilion-g4-Notebook-PC ; elementary OS ; elementary OS ; x86_64         ;
; TimeQuest Timing Analyzer ; pedro-HP-Pavilion-g4-Notebook-PC ; elementary OS ; elementary OS ; x86_64         ;
; EDA Netlist Writer        ; pedro-HP-Pavilion-g4-Notebook-PC ; elementary OS ; elementary OS ; x86_64         ;
+---------------------------+----------------------------------+---------------+---------------+----------------+


------------
; Flow Log ;
------------
quartus_map --read_settings_files=on --write_settings_files=off CPU -c CPU
quartus_fit --read_settings_files=off --write_settings_files=off CPU -c CPU
quartus_asm --read_settings_files=off --write_settings_files=off CPU -c CPU
quartus_sta CPU -c CPU
quartus_eda --read_settings_files=off --write_settings_files=off CPU -c CPU



